[Exception]: возникла ошибка:
[Exception]: текст: {"error":{"error_code":27,"error_msg":"Group authorization failed: method is unavailable with group auth.","request_params":[{"key":"method","value":"wall.get"},{"key":"oauth","value":"1"},{"key":"owner_id","value":"-101939148"},{"key":"count","value":"100"},{"key":"extended","value":"1"},{"key":"v","value":"5.103"},{"key":"random_id","value":"-992288467"}]}}
[Exception]: код ошибки: 27
[Exception]: файл: /home/a0814106/domains/a0814106.xsph.ru/public_html/bot-example-php-master/www/simplevk-master/src/vk_api.php:223
[Exception]: путь ошибки: #0 /home/a0814106/domains/a0814106.xsph.ru/public_html/bot-example-php-master/www/index.php(161): DigitalStar\vk_api\vk_api->request('wall.get', Array)
#1 {main}
[Exception]: возникла ошибка:
[Exception]: текст: {"error":{"error_code":27,"error_msg":"Group authorization failed: method is unavailable with group auth.","request_params":[{"key":"method","value":"wall.get"},{"key":"oauth","value":"1"},{"key":"owner_id","value":"-101939148"},{"key":"count","value":"100"},{"key":"extended","value":"1"},{"key":"v","value":"5.103"},{"key":"random_id","value":"-887193910"}]}}
[Exception]: код ошибки: 27
[Exception]: файл: /home/a0814106/domains/a0814106.xsph.ru/public_html/bot-example-php-master/www/simplevk-master/src/vk_api.php:223
[Exception]: путь ошибки: #0 /home/a0814106/domains/a0814106.xsph.ru/public_html/bot-example-php-master/www/index.php(160): DigitalStar\vk_api\vk_api->request('wall.get', Array)
#1 {main}
[Exception]: возникла ошибка:
[Exception]: текст: {"error":{"error_code":27,"error_msg":"Group authorization failed: method is unavailable with group auth.","request_params":[{"key":"method","value":"wall.get"},{"key":"oauth","value":"1"},{"key":"owner_id","value":"-101939148"},{"key":"count","value":"100"},{"key":"extended","value":"1"},{"key":"v","value":"5.103"},{"key":"random_id","value":"-442506613"}]}}
[Exception]: код ошибки: 27
[Exception]: файл: /home/a0814106/domains/a0814106.xsph.ru/public_html/bot-example-php-master/www/simplevk-master/src/vk_api.php:223
[Exception]: путь ошибки: #0 /home/a0814106/domains/a0814106.xsph.ru/public_html/bot-example-php-master/www/index.php(160): DigitalStar\vk_api\vk_api->request('wall.get', Array)
#1 {main}
[Exception]: возникла ошибка:
[Exception]: текст: {"error":{"error_code":27,"error_msg":"Group authorization failed: method is unavailable with group auth.","request_params":[{"key":"method","value":"wall.get"},{"key":"oauth","value":"1"},{"key":"owner_id","value":"-101939148"},{"key":"count","value":"100"},{"key":"extended","value":"1"},{"key":"v","value":"5.103"},{"key":"random_id","value":"-1254419354"}]}}
[Exception]: код ошибки: 27
[Exception]: файл: /home/a0814106/domains/a0814106.xsph.ru/public_html/bot-example-php-master/www/simplevk-master/src/vk_api.php:223
[Exception]: путь ошибки: #0 /home/a0814106/domains/a0814106.xsph.ru/public_html/bot-example-php-master/www/index.php(160): DigitalStar\vk_api\vk_api->request('wall.get', Array)
#1 {main}
