[Exception]: возникла ошибка:
[Exception]: текст: {"error":{"error_code":100,"error_msg":"One of the parameters specified was missing or invalid: message is empty or invalid","request_params":[{"key":"method","value":"messages.send"},{"key":"oauth","value":"1"},{"key":"peer_id","value":"2000000003"},{"key":"attachment","value":""},{"key":"v","value":"5.103"},{"key":"random_id","value":"296081537"}]}}
[Exception]: код ошибки: 100
[Exception]: файл: /home/f0703521/domains/f0703521.xsph.ru/public_html/bot-example-php-master/www/simplevk-master/src/vk_api.php:223
[Exception]: путь ошибки: #0 /home/f0703521/domains/f0703521.xsph.ru/public_html/bot-example-php-master/www/index.php(119): DigitalStar\vk_api\vk_api->request('messages.send', Array)
#1 {main}
[Exception]: возникла ошибка:
[Exception]: текст: {"error":{"error_code":100,"error_msg":"One of the parameters specified was missing or invalid: message is empty or invalid","request_params":[{"key":"method","value":"messages.send"},{"key":"oauth","value":"1"},{"key":"peer_id","value":"2000000003"},{"key":"attachment","value":""},{"key":"v","value":"5.103"},{"key":"random_id","value":"831149021"}]}}
[Exception]: код ошибки: 100
[Exception]: файл: /home/f0703521/domains/f0703521.xsph.ru/public_html/bot-example-php-master/www/simplevk-master/src/vk_api.php:223
[Exception]: путь ошибки: #0 /home/f0703521/domains/f0703521.xsph.ru/public_html/bot-example-php-master/www/index.php(119): DigitalStar\vk_api\vk_api->request('messages.send', Array)
#1 {main}
[Exception]: возникла ошибка:
[Exception]: текст: {"error":{"error_code":100,"error_msg":"One of the parameters specified was missing or invalid: message is empty or invalid","request_params":[{"key":"method","value":"messages.send"},{"key":"oauth","value":"1"},{"key":"peer_id","value":"2000000003"},{"key":"attachment","value":""},{"key":"v","value":"5.103"},{"key":"random_id","value":"-2119842013"}]}}
[Exception]: код ошибки: 100
[Exception]: файл: /home/f0703521/domains/f0703521.xsph.ru/public_html/bot-example-php-master/www/simplevk-master/src/vk_api.php:223
[Exception]: путь ошибки: #0 /home/f0703521/domains/f0703521.xsph.ru/public_html/bot-example-php-master/www/index.php(119): DigitalStar\vk_api\vk_api->request('messages.send', Array)
#1 {main}
[Exception]: возникла ошибка:
[Exception]: текст: {"error":{"error_code":100,"error_msg":"One of the parameters specified was missing or invalid: message is empty or invalid","request_params":[{"key":"method","value":"messages.send"},{"key":"oauth","value":"1"},{"key":"peer_id","value":"2000000003"},{"key":"attachment","value":""},{"key":"v","value":"5.103"},{"key":"random_id","value":"-1720067678"}]}}
[Exception]: код ошибки: 100
[Exception]: файл: /home/f0703521/domains/f0703521.xsph.ru/public_html/bot-example-php-master/www/simplevk-master/src/vk_api.php:223
[Exception]: путь ошибки: #0 /home/f0703521/domains/f0703521.xsph.ru/public_html/bot-example-php-master/www/index.php(119): DigitalStar\vk_api\vk_api->request('messages.send', Array)
#1 {main}
[Exception]: возникла ошибка:
[Exception]: текст: {"error":{"error_code":100,"error_msg":"One of the parameters specified was missing or invalid: message is empty or invalid","request_params":[{"key":"method","value":"messages.send"},{"key":"oauth","value":"1"},{"key":"peer_id","value":"307155262"},{"key":"attachment","value":"photo259663094_457250565"},{"key":"v","value":"5.103"},{"key":"random_id","value":"1672588551"}]}}
[Exception]: код ошибки: 100
[Exception]: файл: /home/f0703521/domains/f0703521.xsph.ru/public_html/bot-example-php-master/www/simplevk-master/src/vk_api.php:223
[Exception]: путь ошибки: #0 /home/f0703521/domains/f0703521.xsph.ru/public_html/bot-example-php-master/www/index.php(119): DigitalStar\vk_api\vk_api->request('messages.send', Array)
#1 {main}
[Exception]: возникла ошибка:
[Exception]: текст: {"error":{"error_code":100,"error_msg":"One of the parameters specified was missing or invalid: message is empty or invalid","request_params":[{"key":"method","value":"messages.send"},{"key":"oauth","value":"1"},{"key":"peer_id","value":"307155262"},{"key":"attachment","value":"z=photo259663094_457250565"},{"key":"v","value":"5.103"},{"key":"random_id","value":"301112024"}]}}
[Exception]: код ошибки: 100
[Exception]: файл: /home/f0703521/domains/f0703521.xsph.ru/public_html/bot-example-php-master/www/simplevk-master/src/vk_api.php:223
[Exception]: путь ошибки: #0 /home/f0703521/domains/f0703521.xsph.ru/public_html/bot-example-php-master/www/index.php(119): DigitalStar\vk_api\vk_api->request('messages.send', Array)
#1 {main}
[Exception]: возникла ошибка:
[Exception]: текст: {"error":{"error_code":100,"error_msg":"One of the parameters specified was missing or invalid: message is empty or invalid","request_params":[{"key":"method","value":"messages.send"},{"key":"oauth","value":"1"},{"key":"peer_id","value":"2000000003"},{"key":"attachment","value":"photo259663094_457250565"},{"key":"v","value":"5.103"},{"key":"random_id","value":"-1146192949"}]}}
[Exception]: код ошибки: 100
[Exception]: файл: /home/f0703521/domains/f0703521.xsph.ru/public_html/bot-example-php-master/www/simplevk-master/src/vk_api.php:223
[Exception]: путь ошибки: #0 /home/f0703521/domains/f0703521.xsph.ru/public_html/bot-example-php-master/www/index.php(119): DigitalStar\vk_api\vk_api->request('messages.send', Array)
#1 {main}
[Exception]: возникла ошибка:
[Exception]: текст: {"error":{"error_code":100,"error_msg":"One of the parameters specified was missing or invalid: message is empty or invalid","request_params":[{"key":"method","value":"messages.send"},{"key":"oauth","value":"1"},{"key":"peer_id","value":"307155262"},{"key":"attachment","value":"photo259663094_457250565"},{"key":"v","value":"5.103"},{"key":"random_id","value":"977046016"}]}}
[Exception]: код ошибки: 100
[Exception]: файл: /home/f0703521/domains/f0703521.xsph.ru/public_html/bot-example-php-master/www/simplevk-master/src/vk_api.php:223
[Exception]: путь ошибки: #0 /home/f0703521/domains/f0703521.xsph.ru/public_html/bot-example-php-master/www/index.php(119): DigitalStar\vk_api\vk_api->request('messages.send', Array)
#1 {main}
